0 info it worked if it ends with ok
1 verbose cli [ '/usr/bin/node', '/usr/bin/npm', 'publish' ]
2 info using npm@3.10.10
3 info using node@v6.11.2
4 verbose publish [ '.' ]
5 silly cache add args [ '.', null ]
6 verbose cache add spec .
7 silly cache add parsed spec Result {
7 silly cache add   raw: '.',
7 silly cache add   scope: null,
7 silly cache add   escapedName: null,
7 silly cache add   name: null,
7 silly cache add   rawSpec: '.',
7 silly cache add   spec: '/home/seth/Documents/src/node-collection-json',
7 silly cache add   type: 'directory' }
8 verbose addLocalDirectory /home/seth/.npm/node-collection-json/1.0.3/package.tgz not in flight; packing
9 verbose correctMkdir /home/seth/.npm correctMkdir not in flight; initializing
10 info lifecycle node-collection-json@1.0.3~prepublish: node-collection-json@1.0.3
11 verbose lifecycle node-collection-json@1.0.3~prepublish: unsafe-perm in lifecycle true
12 verbose lifecycle node-collection-json@1.0.3~prepublish: PATH: /usr/lib/node_modules/npm/bin/node-gyp-bin:/home/seth/Documents/src/node-collection-json/node_modules/.bin:/usr/lib64/ccache:/usr/local/bin:/usr/bin:/usr/local/sbin:/usr/sbin:/home/seth/.composer/vendor/bin:/home/seth/.local/bin:/home/seth/bin
13 verbose lifecycle node-collection-json@1.0.3~prepublish: CWD: /home/seth/Documents/src/node-collection-json
14 silly lifecycle node-collection-json@1.0.3~prepublish: Args: [ '-c', 'npm run compile' ]
15 silly lifecycle node-collection-json@1.0.3~prepublish: Returned: code: 0  signal: null
16 verbose tar pack [ '/home/seth/.npm/node-collection-json/1.0.3/package.tgz',
16 verbose tar pack   '/home/seth/Documents/src/node-collection-json' ]
17 verbose tarball /home/seth/.npm/node-collection-json/1.0.3/package.tgz
18 verbose folder /home/seth/Documents/src/node-collection-json
19 verbose addLocalTarball adding from inside cache /home/seth/.npm/node-collection-json/1.0.3/package.tgz
20 verbose correctMkdir /home/seth/.npm correctMkdir not in flight; initializing
21 silly cache afterAdd node-collection-json@1.0.3
22 verbose afterAdd /home/seth/.npm/node-collection-json/1.0.3/package/package.json not in flight; writing
23 verbose correctMkdir /home/seth/.npm correctMkdir not in flight; initializing
24 verbose afterAdd /home/seth/.npm/node-collection-json/1.0.3/package/package.json written
25 silly publish { name: 'node-collection-json',
25 silly publish   version: '1.0.3',
25 silly publish   description: 'Nodejs tools for easy manipulation of collection+json objects',
25 silly publish   main: 'lib/index.js',
25 silly publish   directories: { test: 'tests' },
25 silly publish   scripts:
25 silly publish    { compile: 'babel -d lib/ src/ --presets es2015',
25 silly publish      prepublish: 'npm run compile',
25 silly publish      test: 'echo "Error: no test specified" && exit 1' },
25 silly publish   repository:
25 silly publish    { type: 'git',
25 silly publish      url: 'git+https://github.com/nuxnik/node-collection-json.git' },
25 silly publish   keywords: [ 'collection+json', 'collections', 'jsonapi', 'api' ],
25 silly publish   author: { name: 'S. Fleming' },
25 silly publish   license: 'ISC',
25 silly publish   bugs: { url: 'https://github.com/nuxnik/node-collection-json/issues' },
25 silly publish   homepage: 'https://github.com/nuxnik/node-collection-json#readme',
25 silly publish   dependencies: { axios: '^0.16.2', 'http-status': '^1.0.1' },
25 silly publish   devDependencies: { 'babel-cli': '^6.26.0', 'babel-preset-es2015': '^6.24.1' },
25 silly publish   readme: '# node-collection-json\nNodejs tools for easy manipulation of collection+json objects.\n',
25 silly publish   readmeFilename: 'README.md',
25 silly publish   gitHead: '1784f2fcf2fe6eb833e8adef20540569c5810711',
25 silly publish   _id: 'node-collection-json@1.0.3',
25 silly publish   _shasum: '988818504726e92bddbe3e7cf33e0ec0df457294',
25 silly publish   _from: '.' }
26 verbose getPublishConfig undefined
27 silly mapToRegistry name node-collection-json
28 silly mapToRegistry using default registry
29 silly mapToRegistry registry https://registry.npmjs.org/
30 silly mapToRegistry data Result {
30 silly mapToRegistry   raw: 'node-collection-json',
30 silly mapToRegistry   scope: null,
30 silly mapToRegistry   escapedName: 'node-collection-json',
30 silly mapToRegistry   name: 'node-collection-json',
30 silly mapToRegistry   rawSpec: '',
30 silly mapToRegistry   spec: 'latest',
30 silly mapToRegistry   type: 'tag' }
31 silly mapToRegistry uri https://registry.npmjs.org/node-collection-json
32 verbose publish registryBase https://registry.npmjs.org/
33 silly publish uploading /home/seth/.npm/node-collection-json/1.0.3/package.tgz
34 verbose request uri https://registry.npmjs.org/node-collection-json
35 verbose request sending authorization for write operation
36 info attempt registry request try #1 at 3:31:24 PM
37 verbose request using bearer token for auth
38 verbose request id 53ef0a416ba977f5
39 http request PUT https://registry.npmjs.org/node-collection-json
40 http 403 https://registry.npmjs.org/node-collection-json
41 verbose headers { 'content-type': 'application/json',
41 verbose headers   'cache-control': 'max-age=300',
41 verbose headers   'content-length': '95',
41 verbose headers   'accept-ranges': 'bytes',
41 verbose headers   date: 'Tue, 22 Aug 2017 13:31:25 GMT',
41 verbose headers   via: '1.1 varnish',
41 verbose headers   connection: 'keep-alive',
41 verbose headers   'x-served-by': 'cache-hhn1527-HHN',
41 verbose headers   'x-cache': 'MISS',
41 verbose headers   'x-cache-hits': '0',
41 verbose headers   'x-timer': 'S1503408685.527060,VS0,VE805',
41 verbose headers   vary: 'Accept-Encoding, Accept' }
42 verbose request invalidating /home/seth/.npm/registry.npmjs.org/node-collection-json on PUT
43 error publish Failed PUT 403
44 verbose stack Error: "You cannot publish over the previously published version 1.0.3." : node-collection-json
44 verbose stack     at makeError (/usr/lib/node_modules/npm/node_modules.bundled/npm-registry-client/lib/request.js:302:12)
44 verbose stack     at CachingRegistryClient.<anonymous> (/usr/lib/node_modules/npm/node_modules.bundled/npm-registry-client/lib/request.js:290:14)
44 verbose stack     at Request._callback (/usr/lib/node_modules/npm/node_modules.bundled/npm-registry-client/lib/request.js:210:14)
44 verbose stack     at Request.self.callback (/usr/lib/node_modules/npm/node_modules.bundled/request/request.js:187:22)
44 verbose stack     at emitTwo (events.js:106:13)
44 verbose stack     at Request.emit (events.js:191:7)
44 verbose stack     at Request.<anonymous> (/usr/lib/node_modules/npm/node_modules.bundled/request/request.js:1048:10)
44 verbose stack     at emitOne (events.js:96:13)
44 verbose stack     at Request.emit (events.js:188:7)
44 verbose stack     at IncomingMessage.<anonymous> (/usr/lib/node_modules/npm/node_modules.bundled/request/request.js:969:12)
45 verbose statusCode 403
46 verbose pkgid node-collection-json
47 verbose cwd /home/seth/Documents/src/node-collection-json
48 error Linux 4.12.8-200.fc25.x86_64
49 error argv "/usr/bin/node" "/usr/bin/npm" "publish"
50 error node v6.11.2
51 error npm  v3.10.10
52 error code E403
53 error "You cannot publish over the previously published version 1.0.3." : node-collection-json
54 error If you need help, you may report this error at:
54 error     <https://github.com/npm/npm/issues>
55 verbose exit [ 1, true ]
