0 info it worked if it ends with ok
1 verbose cli [ '/usr/bin/node', '/usr/bin/npm', 'run', 'compile' ]
2 info using npm@3.10.10
3 info using node@v6.11.2
4 verbose run-script [ 'precompile', 'compile', 'postcompile' ]
5 info lifecycle node-collection-json@1.0.0~precompile: node-collection-json@1.0.0
6 silly lifecycle node-collection-json@1.0.0~precompile: no script for precompile, continuing
7 info lifecycle node-collection-json@1.0.0~compile: node-collection-json@1.0.0
8 verbose lifecycle node-collection-json@1.0.0~compile: unsafe-perm in lifecycle true
9 verbose lifecycle node-collection-json@1.0.0~compile: PATH: /usr/lib/node_modules/npm/bin/node-gyp-bin:/home/seth/Documents/src/node-collection-json/node_modules/.bin:/usr/lib64/ccache:/usr/local/bin:/usr/bin:/usr/local/sbin:/usr/sbin:/home/seth/.composer/vendor/bin:/home/seth/.local/bin:/home/seth/bin
10 verbose lifecycle node-collection-json@1.0.0~compile: CWD: /home/seth/Documents/src/node-collection-json
11 silly lifecycle node-collection-json@1.0.0~compile: Args: [ '-c', 'babel -d lib/ src/ --presets es2015' ]
12 silly lifecycle node-collection-json@1.0.0~compile: Returned: code: 1  signal: null
13 info lifecycle node-collection-json@1.0.0~compile: Failed to exec compile script
14 verbose stack Error: node-collection-json@1.0.0 compile: `babel -d lib/ src/ --presets es2015`
14 verbose stack Exit status 1
14 verbose stack     at EventEmitter.<anonymous> (/usr/lib/node_modules/npm/lib/utils/lifecycle.js:255:16)
14 verbose stack     at emitTwo (events.js:106:13)
14 verbose stack     at EventEmitter.emit (events.js:191:7)
14 verbose stack     at ChildProcess.<anonymous> (/usr/lib/node_modules/npm/lib/utils/spawn.js:40:14)
14 verbose stack     at emitTwo (events.js:106:13)
14 verbose stack     at ChildProcess.emit (events.js:191:7)
14 verbose stack     at maybeClose (internal/child_process.js:891:16)
14 verbose stack     at Process.ChildProcess._handle.onexit (internal/child_process.js:226:5)
15 verbose pkgid node-collection-json@1.0.0
16 verbose cwd /home/seth/Documents/src/node-collection-json/src
17 error Linux 4.12.5-200.fc25.x86_64
18 error argv "/usr/bin/node" "/usr/bin/npm" "run" "compile"
19 error node v6.11.2
20 error npm  v3.10.10
21 error code ELIFECYCLE
22 error node-collection-json@1.0.0 compile: `babel -d lib/ src/ --presets es2015`
22 error Exit status 1
23 error Failed at the node-collection-json@1.0.0 compile script 'babel -d lib/ src/ --presets es2015'.
23 error Make sure you have the latest version of node.js and npm installed.
23 error If you do, this is most likely a problem with the node-collection-json package,
23 error not with npm itself.
23 error Tell the author that this fails on your system:
23 error     babel -d lib/ src/ --presets es2015
23 error You can get information on how to open an issue for this project with:
23 error     npm bugs node-collection-json
23 error Or if that isn't available, you can get their info via:
23 error     npm owner ls node-collection-json
23 error There is likely additional logging output above.
24 verbose exit [ 1, true ]
